<?xml version="1.0" encoding="UTF-8"?>
<!-- Generated by org.testng.reporters.JUnitReportReporter -->
<testsuite hostname="PRITAM-PC" failures="0" tests="1" name="com.databasetesting.AppTest" time="0.148" errors="0" timestamp="2023-10-18T19:40:07 IST" skipped="0">
  <testcase classname="com.databasetesting.AppTest" name="shouldAnswerWithTrue" time="0.148"/>
</testsuite> <!-- com.databasetesting.AppTest -->
